ERROR: Unable to locate a modulefile for 'module'
ERROR: Unable to locate a modulefile for 'load'
Loading compiler version 2022.0.2
Loading tbb version 2021.5.1
Loading compiler-rt version 2022.0.2
Loading oclfpga version 2022.0.2
  Load "debugger" to debug DPC++ applications with the gdb-oneapi debugger.
  Load "dpl" for additional DPC++ APIs: https://github.com/oneapi-src/oneDPL

Loading intel-oneapi/2022.1.2/compiler
  Loading requirement: tbb/latest compiler-rt/latest oclfpga/latest
    compiler/latest
/apps/intel/oneapi/2022.1.2/compiler/2022.0.2/linux/bin/dpcpp -O3 -fsycl -std=c++20   -DUSING_SYCL     -c -o HPCCG.o HPCCG.cpp
/apps/intel/oneapi/2022.1.2/compiler/2022.0.2/linux/bin/dpcpp -O3 -fsycl -std=c++20   -DUSING_SYCL     -c -o waxpby.o waxpby.cpp
waxpby.cpp:119:11: error: no matching member function for call to 'parallel_for'
       q->parallel_for(sycl::range<1>(n), sycl::range<1>(sg), [=](sycl::id<1> i) {
       ~~~^~~~~~~~~~~~
/apps/intel/oneapi/2022.1.2/compiler/2022.0.2/linux/bin-llvm/../include/sycl/CL/sycl/queue.hpp:735:9: note: candidate function template not viable: no known conversion from '(lambda at waxpby.cpp:119:63)' to 'const detail::code_location' for 3rd argument
  event parallel_for(range<1> NumWorkItems,
        ^
/apps/intel/oneapi/2022.1.2/compiler/2022.0.2/linux/bin-llvm/../include/sycl/CL/sycl/queue.hpp:775:9: note: candidate function template not viable: no known conversion from 'sycl::range<1>' to 'sycl::event' for 2nd argument
  event parallel_for(range<1> NumWorkItems, event DepEvent,
        ^
/apps/intel/oneapi/2022.1.2/compiler/2022.0.2/linux/bin-llvm/../include/sycl/CL/sycl/queue.hpp:821:9: note: candidate function template not viable: no known conversion from 'sycl::range<1>' to 'const std::vector<event>' for 2nd argument
  event parallel_for(range<1> NumWorkItems, const std::vector<event> &DepEvents,
        ^
/apps/intel/oneapi/2022.1.2/compiler/2022.0.2/linux/bin-llvm/../include/sycl/CL/sycl/queue.hpp:748:9: note: candidate function template not viable: no known conversion from 'range<1>' to 'range<2>' for 1st argument
  event parallel_for(range<2> NumWorkItems,
        ^
/apps/intel/oneapi/2022.1.2/compiler/2022.0.2/linux/bin-llvm/../include/sycl/CL/sycl/queue.hpp:761:9: note: candidate function template not viable: no known conversion from 'range<1>' to 'range<3>' for 1st argument
  event parallel_for(range<3> NumWorkItems,
        ^
/apps/intel/oneapi/2022.1.2/compiler/2022.0.2/linux/bin-llvm/../include/sycl/CL/sycl/queue.hpp:790:9: note: candidate function template not viable: no known conversion from 'range<1>' to 'range<2>' for 1st argument
  event parallel_for(range<2> NumWorkItems, event DepEvent,
        ^
/apps/intel/oneapi/2022.1.2/compiler/2022.0.2/linux/bin-llvm/../include/sycl/CL/sycl/queue.hpp:805:9: note: candidate function template not viable: no known conversion from 'range<1>' to 'range<3>' for 1st argument
  event parallel_for(range<3> NumWorkItems, event DepEvent,
        ^
/apps/intel/oneapi/2022.1.2/compiler/2022.0.2/linux/bin-llvm/../include/sycl/CL/sycl/queue.hpp:837:9: note: candidate function template not viable: no known conversion from 'range<1>' to 'range<2>' for 1st argument
  event parallel_for(range<2> NumWorkItems, const std::vector<event> &DepEvents,
        ^
/apps/intel/oneapi/2022.1.2/compiler/2022.0.2/linux/bin-llvm/../include/sycl/CL/sycl/queue.hpp:853:9: note: candidate function template not viable: no known conversion from 'range<1>' to 'range<3>' for 1st argument
  event parallel_for(range<3> NumWorkItems, const std::vector<event> &DepEvents,
        ^
/apps/intel/oneapi/2022.1.2/compiler/2022.0.2/linux/bin-llvm/../include/sycl/CL/sycl/queue.hpp:869:9: note: candidate template ignored: could not match 'id' against 'range'
  event parallel_for(range<Dims> NumWorkItems, id<Dims> WorkItemOffset,
        ^
/apps/intel/oneapi/2022.1.2/compiler/2022.0.2/linux/bin-llvm/../include/sycl/CL/sycl/queue.hpp:936:9: note: candidate template ignored: could not match 'nd_range' against 'range'
  event parallel_for(nd_range<Dims> ExecutionRange,
        ^
/apps/intel/oneapi/2022.1.2/compiler/2022.0.2/linux/bin-llvm/../include/sycl/CL/sycl/queue.hpp:957:9: note: candidate template ignored: could not match 'nd_range' against 'range'
  event parallel_for(nd_range<Dims> ExecutionRange, event DepEvent,
        ^
/apps/intel/oneapi/2022.1.2/compiler/2022.0.2/linux/bin-llvm/../include/sycl/CL/sycl/queue.hpp:980:9: note: candidate template ignored: could not match 'nd_range' against 'range'
  event parallel_for(nd_range<Dims> ExecutionRange,
        ^
/apps/intel/oneapi/2022.1.2/compiler/2022.0.2/linux/bin-llvm/../include/sycl/CL/sycl/queue.hpp:1003:9: note: candidate template ignored: could not match 'nd_range' against 'range'
  event parallel_for(nd_range<Dims> ExecutionRange, Reduction Redu,
        ^
/apps/intel/oneapi/2022.1.2/compiler/2022.0.2/linux/bin-llvm/../include/sycl/CL/sycl/queue.hpp:890:9: note: candidate function template not viable: requires at least 4 arguments, but 3 were provided
  event parallel_for(range<Dims> NumWorkItems, id<Dims> WorkItemOffset,
        ^
/apps/intel/oneapi/2022.1.2/compiler/2022.0.2/linux/bin-llvm/../include/sycl/CL/sycl/queue.hpp:914:9: note: candidate function template not viable: requires at least 4 arguments, but 3 were provided
  event parallel_for(range<Dims> NumWorkItems, id<Dims> WorkItemOffset,
        ^
waxpby.cpp:127:11: error: no matching member function for call to 'parallel_for'
       q->parallel_for(sycl::range<1>(n), sycl::range<1>(sg), [=](sycl::id<1> i) {
       ~~~^~~~~~~~~~~~
/apps/intel/oneapi/2022.1.2/compiler/2022.0.2/linux/bin-llvm/../include/sycl/CL/sycl/queue.hpp:735:9: note: candidate function template not viable: no known conversion from '(lambda at waxpby.cpp:127:63)' to 'const detail::code_location' for 3rd argument
  event parallel_for(range<1> NumWorkItems,
        ^
/apps/intel/oneapi/2022.1.2/compiler/2022.0.2/linux/bin-llvm/../include/sycl/CL/sycl/queue.hpp:775:9: note: candidate function template not viable: no known conversion from 'sycl::range<1>' to 'sycl::event' for 2nd argument
  event parallel_for(range<1> NumWorkItems, event DepEvent,
        ^
/apps/intel/oneapi/2022.1.2/compiler/2022.0.2/linux/bin-llvm/../include/sycl/CL/sycl/queue.hpp:821:9: note: candidate function template not viable: no known conversion from 'sycl::range<1>' to 'const std::vector<event>' for 2nd argument
  event parallel_for(range<1> NumWorkItems, const std::vector<event> &DepEvents,
        ^
/apps/intel/oneapi/2022.1.2/compiler/2022.0.2/linux/bin-llvm/../include/sycl/CL/sycl/queue.hpp:748:9: note: candidate function template not viable: no known conversion from 'range<1>' to 'range<2>' for 1st argument
  event parallel_for(range<2> NumWorkItems,
        ^
/apps/intel/oneapi/2022.1.2/compiler/2022.0.2/linux/bin-llvm/../include/sycl/CL/sycl/queue.hpp:761:9: note: candidate function template not viable: no known conversion from 'range<1>' to 'range<3>' for 1st argument
  event parallel_for(range<3> NumWorkItems,
        ^
/apps/intel/oneapi/2022.1.2/compiler/2022.0.2/linux/bin-llvm/../include/sycl/CL/sycl/queue.hpp:790:9: note: candidate function template not viable: no known conversion from 'range<1>' to 'range<2>' for 1st argument
  event parallel_for(range<2> NumWorkItems, event DepEvent,
        ^
/apps/intel/oneapi/2022.1.2/compiler/2022.0.2/linux/bin-llvm/../include/sycl/CL/sycl/queue.hpp:805:9: note: candidate function template not viable: no known conversion from 'range<1>' to 'range<3>' for 1st argument
  event parallel_for(range<3> NumWorkItems, event DepEvent,
        ^
/apps/intel/oneapi/2022.1.2/compiler/2022.0.2/linux/bin-llvm/../include/sycl/CL/sycl/queue.hpp:837:9: note: candidate function template not viable: no known conversion from 'range<1>' to 'range<2>' for 1st argument
  event parallel_for(range<2> NumWorkItems, const std::vector<event> &DepEvents,
        ^
/apps/intel/oneapi/2022.1.2/compiler/2022.0.2/linux/bin-llvm/../include/sycl/CL/sycl/queue.hpp:853:9: note: candidate function template not viable: no known conversion from 'range<1>' to 'range<3>' for 1st argument
  event parallel_for(range<3> NumWorkItems, const std::vector<event> &DepEvents,
        ^
/apps/intel/oneapi/2022.1.2/compiler/2022.0.2/linux/bin-llvm/../include/sycl/CL/sycl/queue.hpp:869:9: note: candidate template ignored: could not match 'id' against 'range'
  event parallel_for(range<Dims> NumWorkItems, id<Dims> WorkItemOffset,
        ^
/apps/intel/oneapi/2022.1.2/compiler/2022.0.2/linux/bin-llvm/../include/sycl/CL/sycl/queue.hpp:936:9: note: candidate template ignored: could not match 'nd_range' against 'range'
  event parallel_for(nd_range<Dims> ExecutionRange,
        ^
/apps/intel/oneapi/2022.1.2/compiler/2022.0.2/linux/bin-llvm/../include/sycl/CL/sycl/queue.hpp:957:9: note: candidate template ignored: could not match 'nd_range' against 'range'
  event parallel_for(nd_range<Dims> ExecutionRange, event DepEvent,
        ^
/apps/intel/oneapi/2022.1.2/compiler/2022.0.2/linux/bin-llvm/../include/sycl/CL/sycl/queue.hpp:980:9: note: candidate template ignored: could not match 'nd_range' against 'range'
  event parallel_for(nd_range<Dims> ExecutionRange,
        ^
/apps/intel/oneapi/2022.1.2/compiler/2022.0.2/linux/bin-llvm/../include/sycl/CL/sycl/queue.hpp:1003:9: note: candidate template ignored: could not match 'nd_range' against 'range'
  event parallel_for(nd_range<Dims> ExecutionRange, Reduction Redu,
        ^
/apps/intel/oneapi/2022.1.2/compiler/2022.0.2/linux/bin-llvm/../include/sycl/CL/sycl/queue.hpp:890:9: note: candidate function template not viable: requires at least 4 arguments, but 3 were provided
  event parallel_for(range<Dims> NumWorkItems, id<Dims> WorkItemOffset,
        ^
/apps/intel/oneapi/2022.1.2/compiler/2022.0.2/linux/bin-llvm/../include/sycl/CL/sycl/queue.hpp:914:9: note: candidate function template not viable: requires at least 4 arguments, but 3 were provided
  event parallel_for(range<Dims> NumWorkItems, id<Dims> WorkItemOffset,
        ^
2 errors generated.
make: *** [<builtin>: waxpby.o] Error 1
/var/spool/slurmd/job240048/slurm_script: line 11: strongScalingRunScript.sh: command not found
